2023-01-20 18:45:02 [127.0.0.1][-][1a32o286k5gkus88hdmitclam8fd19j5][error][yii\web\HttpException:404] yii\web\NotFoundHttpException: Page not found. in D:\OpenServer\domains\wetop\vendor\yiisoft\yii2\web\Request.php:299
Stack trace:
#0 D:\OpenServer\domains\wetop\vendor\yiisoft\yii2\web\Application.php(82): yii\web\Request->resolve()
#1 D:\OpenServer\domains\wetop\vendor\yiisoft\yii2\base\Application.php(384): yii\web\Application->handleRequest()
#2 D:\OpenServer\domains\wetop\web\index.php(12): yii\base\Application->run()
#3 {main}
2023-01-20 18:45:02 [127.0.0.1][-][1a32o286k5gkus88hdmitclam8fd19j5][info][application] $_GET = []

$_POST = []

$_FILES = []

$_COOKIE = [
    'PHPSESSID' => '1a32o286k5gkus88hdmitclam8fd19j5'
    '_csrf' => '73f414f681cd399f55248c69231eef15c2468974cb8d4a1ee4ae69caf238430aa:2:{i:0;s:5:\"_csrf\";i:1;s:32:\"QE3A90z9nBCWdwvWRFfAHFBcOF0aHC9X\";}'
    'SL_G_WPT_TO' => 'ru'
    'SL_GWPT_Show_Hide_tmp' => 'undefined'
    'SL_wptGlobTipTmp' => 'undefined'
]

$_SESSION = [
    '__flash' => []
]

$_SERVER = [
    'REDIRECT_STATUS' => '200'
    'HTTP_HOST' => 'wetop'
    'HTTP_X_FORWARDED_PROTO' => 'http'
    'HTTP_X_REAL_IP' => '127.0.0.1'
    'HTTP_UPGRADE_INSECURE_REQUESTS' => '1'
    'HTTP_USER_AGENT' => 'Mozilla/5.0 (Windows NT 10.0; Win64; x64) AppleWebKit/537.36 (KHTML, like Gecko) Chrome/109.0.0.0 Safari/537.36'
    'HTTP_ACCEPT' => 'text/html,application/xhtml+xml,application/xml;q=0.9,image/avif,image/webp,image/apng,*/*;q=0.8,application/signed-exchange;v=b3;q=0.9'
    'HTTP_ACCEPT_ENCODING' => 'gzip, deflate'
    'HTTP_ACCEPT_LANGUAGE' => 'ru-RU,ru;q=0.9,en-US;q=0.8,en;q=0.7'
    'HTTP_COOKIE' => 'PHPSESSID=1a32o286k5gkus88hdmitclam8fd19j5; _csrf=73f414f681cd399f55248c69231eef15c2468974cb8d4a1ee4ae69caf238430aa%3A2%3A%7Bi%3A0%3Bs%3A5%3A%22_csrf%22%3Bi%3A1%3Bs%3A32%3A%22QE3A90z9nBCWdwvWRFfAHFBcOF0aHC9X%22%3B%7D; SL_G_WPT_TO=ru; SL_GWPT_Show_Hide_tmp=undefined; SL_wptGlobTipTmp=undefined'
    'PATH' => 'd:\\openserver\\modules\\php\\PHP_8.0\\ext;d:\\openserver\\modules\\php\\PHP_8.0\\pear;d:\\openserver\\modules\\php\\PHP_8.0\\pear\\bin;d:\\openserver\\modules\\php\\PHP_8.0;d:\\openserver\\modules\\wget\\bin;d:\\openserver\\modules\\database\\MySQL-5.7\\bin;d:\\openserver\\modules\\http\\Apache_2.4-PHP_8.0+Nginx_1.21\\bin;d:\\openserver\\modules\\http\\Apache_2.4-PHP_8.0+Nginx_1.21;C:\\Windows\\system32;C:\\Windows;C:\\Windows\\system32\\Wbem;C:\\Windows\\SysWOW64'
    'SystemRoot' => 'C:\\Windows'
    'COMSPEC' => 'C:\\Windows\\system32\\cmd.exe'
    'PATHEXT' => '.COM;.EXE;.BAT;.CMD;.VBS;.VBE;.JS;.JSE;.WSF;.WSH;.MSC'
    'WINDIR' => 'C:\\Windows'
    'SERVER_SIGNATURE' => ''
    'SERVER_SOFTWARE' => 'Apache'
    'SERVER_NAME' => 'wetop'
    'SERVER_ADDR' => '127.0.0.1'
    'SERVER_PORT' => '80'
    'REMOTE_ADDR' => '127.0.0.1'
    'DOCUMENT_ROOT' => 'D:/OpenServer/domains/wetop/web'
    'REQUEST_SCHEME' => 'http'
    'CONTEXT_PREFIX' => ''
    'CONTEXT_DOCUMENT_ROOT' => 'D:/OpenServer/domains/wetop/web'
    'SERVER_ADMIN' => '[no address given]'
    'SCRIPT_FILENAME' => 'D:/OpenServer/domains/wetop/web/index.php'
    'REMOTE_PORT' => '51856'
    'REDIRECT_URL' => '/hui'
    'GATEWAY_INTERFACE' => 'CGI/1.1'
    'SERVER_PROTOCOL' => 'HTTP/1.1'
    'REQUEST_METHOD' => 'GET'
    'QUERY_STRING' => ''
    'REQUEST_URI' => '/hui'
    'SCRIPT_NAME' => '/index.php'
    'PHP_SELF' => '/index.php'
    'REQUEST_TIME_FLOAT' => 1674229502.9171
    'REQUEST_TIME' => 1674229502
]
2023-01-20 18:45:14 [127.0.0.1][-][1a32o286k5gkus88hdmitclam8fd19j5][error][yii\web\HttpException:404] yii\base\InvalidRouteException: Unable to resolve the request: site/huindex in D:\OpenServer\domains\wetop\vendor\yiisoft\yii2\base\Controller.php:149
Stack trace:
#0 D:\OpenServer\domains\wetop\vendor\yiisoft\yii2\base\Module.php(552): yii\base\Controller->runAction()
#1 D:\OpenServer\domains\wetop\vendor\yiisoft\yii2\web\Application.php(103): yii\base\Module->runAction()
#2 D:\OpenServer\domains\wetop\vendor\yiisoft\yii2\base\Application.php(384): yii\web\Application->handleRequest()
#3 D:\OpenServer\domains\wetop\web\index.php(12): yii\base\Application->run()
#4 {main}

Next yii\web\NotFoundHttpException: Page not found. in D:\OpenServer\domains\wetop\vendor\yiisoft\yii2\web\Application.php:115
Stack trace:
#0 D:\OpenServer\domains\wetop\vendor\yiisoft\yii2\base\Application.php(384): yii\web\Application->handleRequest()
#1 D:\OpenServer\domains\wetop\web\index.php(12): yii\base\Application->run()
#2 {main}
2023-01-20 18:45:14 [127.0.0.1][-][1a32o286k5gkus88hdmitclam8fd19j5][info][application] $_GET = []

$_POST = []

$_FILES = []

$_COOKIE = [
    'PHPSESSID' => '1a32o286k5gkus88hdmitclam8fd19j5'
    '_csrf' => '73f414f681cd399f55248c69231eef15c2468974cb8d4a1ee4ae69caf238430aa:2:{i:0;s:5:\"_csrf\";i:1;s:32:\"QE3A90z9nBCWdwvWRFfAHFBcOF0aHC9X\";}'
    'SL_G_WPT_TO' => 'ru'
    'SL_GWPT_Show_Hide_tmp' => 'undefined'
    'SL_wptGlobTipTmp' => 'undefined'
]

$_SESSION = [
    '__flash' => []
]

$_SERVER = [
    'REDIRECT_STATUS' => '200'
    'HTTP_HOST' => 'wetop'
    'HTTP_X_FORWARDED_PROTO' => 'http'
    'HTTP_X_REAL_IP' => '127.0.0.1'
    'HTTP_CACHE_CONTROL' => 'max-age=0'
    'HTTP_UPGRADE_INSECURE_REQUESTS' => '1'
    'HTTP_USER_AGENT' => 'Mozilla/5.0 (Windows NT 10.0; Win64; x64) AppleWebKit/537.36 (KHTML, like Gecko) Chrome/109.0.0.0 Safari/537.36'
    'HTTP_ACCEPT' => 'text/html,application/xhtml+xml,application/xml;q=0.9,image/avif,image/webp,image/apng,*/*;q=0.8,application/signed-exchange;v=b3;q=0.9'
    'HTTP_ACCEPT_ENCODING' => 'gzip, deflate'
    'HTTP_ACCEPT_LANGUAGE' => 'ru-RU,ru;q=0.9,en-US;q=0.8,en;q=0.7'
    'HTTP_COOKIE' => 'PHPSESSID=1a32o286k5gkus88hdmitclam8fd19j5; _csrf=73f414f681cd399f55248c69231eef15c2468974cb8d4a1ee4ae69caf238430aa%3A2%3A%7Bi%3A0%3Bs%3A5%3A%22_csrf%22%3Bi%3A1%3Bs%3A32%3A%22QE3A90z9nBCWdwvWRFfAHFBcOF0aHC9X%22%3B%7D; SL_G_WPT_TO=ru; SL_GWPT_Show_Hide_tmp=undefined; SL_wptGlobTipTmp=undefined'
    'PATH' => 'd:\\openserver\\modules\\php\\PHP_8.0\\ext;d:\\openserver\\modules\\php\\PHP_8.0\\pear;d:\\openserver\\modules\\php\\PHP_8.0\\pear\\bin;d:\\openserver\\modules\\php\\PHP_8.0;d:\\openserver\\modules\\wget\\bin;d:\\openserver\\modules\\database\\MySQL-5.7\\bin;d:\\openserver\\modules\\http\\Apache_2.4-PHP_8.0+Nginx_1.21\\bin;d:\\openserver\\modules\\http\\Apache_2.4-PHP_8.0+Nginx_1.21;C:\\Windows\\system32;C:\\Windows;C:\\Windows\\system32\\Wbem;C:\\Windows\\SysWOW64'
    'SystemRoot' => 'C:\\Windows'
    'COMSPEC' => 'C:\\Windows\\system32\\cmd.exe'
    'PATHEXT' => '.COM;.EXE;.BAT;.CMD;.VBS;.VBE;.JS;.JSE;.WSF;.WSH;.MSC'
    'WINDIR' => 'C:\\Windows'
    'SERVER_SIGNATURE' => ''
    'SERVER_SOFTWARE' => 'Apache'
    'SERVER_NAME' => 'wetop'
    'SERVER_ADDR' => '127.0.0.1'
    'SERVER_PORT' => '80'
    'REMOTE_ADDR' => '127.0.0.1'
    'DOCUMENT_ROOT' => 'D:/OpenServer/domains/wetop/web'
    'REQUEST_SCHEME' => 'http'
    'CONTEXT_PREFIX' => ''
    'CONTEXT_DOCUMENT_ROOT' => 'D:/OpenServer/domains/wetop/web'
    'SERVER_ADMIN' => '[no address given]'
    'SCRIPT_FILENAME' => 'D:/OpenServer/domains/wetop/web/index.php'
    'REMOTE_PORT' => '51861'
    'REDIRECT_URL' => '/hui'
    'GATEWAY_INTERFACE' => 'CGI/1.1'
    'SERVER_PROTOCOL' => 'HTTP/1.1'
    'REQUEST_METHOD' => 'GET'
    'QUERY_STRING' => ''
    'REQUEST_URI' => '/hui'
    'SCRIPT_NAME' => '/index.php'
    'PHP_SELF' => '/index.php'
    'REQUEST_TIME_FLOAT' => 1674229514.6926
    'REQUEST_TIME' => 1674229514
]
2023-01-20 18:45:17 [127.0.0.1][-][1a32o286k5gkus88hdmitclam8fd19j5][error][yii\web\HttpException:404] yii\base\InvalidRouteException: Unable to resolve the request: site/huindex in D:\OpenServer\domains\wetop\vendor\yiisoft\yii2\base\Controller.php:149
Stack trace:
#0 D:\OpenServer\domains\wetop\vendor\yiisoft\yii2\base\Module.php(552): yii\base\Controller->runAction()
#1 D:\OpenServer\domains\wetop\vendor\yiisoft\yii2\web\Application.php(103): yii\base\Module->runAction()
#2 D:\OpenServer\domains\wetop\vendor\yiisoft\yii2\base\Application.php(384): yii\web\Application->handleRequest()
#3 D:\OpenServer\domains\wetop\web\index.php(12): yii\base\Application->run()
#4 {main}

Next yii\web\NotFoundHttpException: Page not found. in D:\OpenServer\domains\wetop\vendor\yiisoft\yii2\web\Application.php:115
Stack trace:
#0 D:\OpenServer\domains\wetop\vendor\yiisoft\yii2\base\Application.php(384): yii\web\Application->handleRequest()
#1 D:\OpenServer\domains\wetop\web\index.php(12): yii\base\Application->run()
#2 {main}
2023-01-20 18:45:17 [127.0.0.1][-][1a32o286k5gkus88hdmitclam8fd19j5][info][application] $_GET = []

$_POST = []

$_FILES = []

$_COOKIE = [
    'PHPSESSID' => '1a32o286k5gkus88hdmitclam8fd19j5'
    '_csrf' => '73f414f681cd399f55248c69231eef15c2468974cb8d4a1ee4ae69caf238430aa:2:{i:0;s:5:\"_csrf\";i:1;s:32:\"QE3A90z9nBCWdwvWRFfAHFBcOF0aHC9X\";}'
    'SL_G_WPT_TO' => 'ru'
    'SL_GWPT_Show_Hide_tmp' => 'undefined'
    'SL_wptGlobTipTmp' => 'undefined'
]

$_SESSION = [
    '__flash' => []
]

$_SERVER = [
    'REDIRECT_STATUS' => '200'
    'HTTP_HOST' => 'wetop'
    'HTTP_X_FORWARDED_PROTO' => 'http'
    'HTTP_X_REAL_IP' => '127.0.0.1'
    'HTTP_CACHE_CONTROL' => 'max-age=0'
    'HTTP_UPGRADE_INSECURE_REQUESTS' => '1'
    'HTTP_USER_AGENT' => 'Mozilla/5.0 (Windows NT 10.0; Win64; x64) AppleWebKit/537.36 (KHTML, like Gecko) Chrome/109.0.0.0 Safari/537.36'
    'HTTP_ACCEPT' => 'text/html,application/xhtml+xml,application/xml;q=0.9,image/avif,image/webp,image/apng,*/*;q=0.8,application/signed-exchange;v=b3;q=0.9'
    'HTTP_ACCEPT_ENCODING' => 'gzip, deflate'
    'HTTP_ACCEPT_LANGUAGE' => 'ru-RU,ru;q=0.9,en-US;q=0.8,en;q=0.7'
    'HTTP_COOKIE' => 'PHPSESSID=1a32o286k5gkus88hdmitclam8fd19j5; _csrf=73f414f681cd399f55248c69231eef15c2468974cb8d4a1ee4ae69caf238430aa%3A2%3A%7Bi%3A0%3Bs%3A5%3A%22_csrf%22%3Bi%3A1%3Bs%3A32%3A%22QE3A90z9nBCWdwvWRFfAHFBcOF0aHC9X%22%3B%7D; SL_G_WPT_TO=ru; SL_GWPT_Show_Hide_tmp=undefined; SL_wptGlobTipTmp=undefined'
    'PATH' => 'd:\\openserver\\modules\\php\\PHP_8.0\\ext;d:\\openserver\\modules\\php\\PHP_8.0\\pear;d:\\openserver\\modules\\php\\PHP_8.0\\pear\\bin;d:\\openserver\\modules\\php\\PHP_8.0;d:\\openserver\\modules\\wget\\bin;d:\\openserver\\modules\\database\\MySQL-5.7\\bin;d:\\openserver\\modules\\http\\Apache_2.4-PHP_8.0+Nginx_1.21\\bin;d:\\openserver\\modules\\http\\Apache_2.4-PHP_8.0+Nginx_1.21;C:\\Windows\\system32;C:\\Windows;C:\\Windows\\system32\\Wbem;C:\\Windows\\SysWOW64'
    'SystemRoot' => 'C:\\Windows'
    'COMSPEC' => 'C:\\Windows\\system32\\cmd.exe'
    'PATHEXT' => '.COM;.EXE;.BAT;.CMD;.VBS;.VBE;.JS;.JSE;.WSF;.WSH;.MSC'
    'WINDIR' => 'C:\\Windows'
    'SERVER_SIGNATURE' => ''
    'SERVER_SOFTWARE' => 'Apache'
    'SERVER_NAME' => 'wetop'
    'SERVER_ADDR' => '127.0.0.1'
    'SERVER_PORT' => '80'
    'REMOTE_ADDR' => '127.0.0.1'
    'DOCUMENT_ROOT' => 'D:/OpenServer/domains/wetop/web'
    'REQUEST_SCHEME' => 'http'
    'CONTEXT_PREFIX' => ''
    'CONTEXT_DOCUMENT_ROOT' => 'D:/OpenServer/domains/wetop/web'
    'SERVER_ADMIN' => '[no address given]'
    'SCRIPT_FILENAME' => 'D:/OpenServer/domains/wetop/web/index.php'
    'REMOTE_PORT' => '51863'
    'REDIRECT_URL' => '/hui'
    'GATEWAY_INTERFACE' => 'CGI/1.1'
    'SERVER_PROTOCOL' => 'HTTP/1.1'
    'REQUEST_METHOD' => 'GET'
    'QUERY_STRING' => ''
    'REQUEST_URI' => '/hui'
    'SCRIPT_NAME' => '/index.php'
    'PHP_SELF' => '/index.php'
    'REQUEST_TIME_FLOAT' => 1674229517.262
    'REQUEST_TIME' => 1674229517
]
2023-01-20 19:58:04 [127.0.0.1][-][1a32o286k5gkus88hdmitclam8fd19j5][error][yii\web\HttpException:404] yii\web\NotFoundHttpException: Page not found. in D:\OpenServer\domains\wetop\vendor\yiisoft\yii2\web\Request.php:299
Stack trace:
#0 D:\OpenServer\domains\wetop\vendor\yiisoft\yii2\web\Application.php(82): yii\web\Request->resolve()
#1 D:\OpenServer\domains\wetop\vendor\yiisoft\yii2\base\Application.php(384): yii\web\Application->handleRequest()
#2 D:\OpenServer\domains\wetop\web\index.php(12): yii\base\Application->run()
#3 {main}
2023-01-20 19:58:04 [127.0.0.1][-][1a32o286k5gkus88hdmitclam8fd19j5][info][application] $_GET = []

$_POST = []

$_FILES = []

$_COOKIE = [
    'PHPSESSID' => '1a32o286k5gkus88hdmitclam8fd19j5'
    '_csrf' => '73f414f681cd399f55248c69231eef15c2468974cb8d4a1ee4ae69caf238430aa:2:{i:0;s:5:\"_csrf\";i:1;s:32:\"QE3A90z9nBCWdwvWRFfAHFBcOF0aHC9X\";}'
    'SL_G_WPT_TO' => 'ru'
    'SL_GWPT_Show_Hide_tmp' => 'undefined'
    'SL_wptGlobTipTmp' => 'undefined'
]

$_SESSION = [
    '__flash' => []
]

$_SERVER = [
    'REDIRECT_STATUS' => '200'
    'HTTP_HOST' => 'wetop'
    'HTTP_X_FORWARDED_PROTO' => 'http'
    'HTTP_X_REAL_IP' => '127.0.0.1'
    'HTTP_UPGRADE_INSECURE_REQUESTS' => '1'
    'HTTP_USER_AGENT' => 'Mozilla/5.0 (Windows NT 10.0; Win64; x64) AppleWebKit/537.36 (KHTML, like Gecko) Chrome/109.0.0.0 Safari/537.36'
    'HTTP_ACCEPT' => 'text/html,application/xhtml+xml,application/xml;q=0.9,image/avif,image/webp,image/apng,*/*;q=0.8,application/signed-exchange;v=b3;q=0.9'
    'HTTP_REFERER' => 'http://wetop/about'
    'HTTP_ACCEPT_ENCODING' => 'gzip, deflate'
    'HTTP_ACCEPT_LANGUAGE' => 'ru-RU,ru;q=0.9,en-US;q=0.8,en;q=0.7'
    'HTTP_COOKIE' => 'PHPSESSID=1a32o286k5gkus88hdmitclam8fd19j5; _csrf=73f414f681cd399f55248c69231eef15c2468974cb8d4a1ee4ae69caf238430aa%3A2%3A%7Bi%3A0%3Bs%3A5%3A%22_csrf%22%3Bi%3A1%3Bs%3A32%3A%22QE3A90z9nBCWdwvWRFfAHFBcOF0aHC9X%22%3B%7D; SL_G_WPT_TO=ru; SL_GWPT_Show_Hide_tmp=undefined; SL_wptGlobTipTmp=undefined'
    'PATH' => 'd:\\openserver\\modules\\php\\PHP_8.0\\ext;d:\\openserver\\modules\\php\\PHP_8.0\\pear;d:\\openserver\\modules\\php\\PHP_8.0\\pear\\bin;d:\\openserver\\modules\\php\\PHP_8.0;d:\\openserver\\modules\\wget\\bin;d:\\openserver\\modules\\database\\MySQL-5.7\\bin;d:\\openserver\\modules\\http\\Apache_2.4-PHP_8.0+Nginx_1.21\\bin;d:\\openserver\\modules\\http\\Apache_2.4-PHP_8.0+Nginx_1.21;C:\\Windows\\system32;C:\\Windows;C:\\Windows\\system32\\Wbem;C:\\Windows\\SysWOW64'
    'SystemRoot' => 'C:\\Windows'
    'COMSPEC' => 'C:\\Windows\\system32\\cmd.exe'
    'PATHEXT' => '.COM;.EXE;.BAT;.CMD;.VBS;.VBE;.JS;.JSE;.WSF;.WSH;.MSC'
    'WINDIR' => 'C:\\Windows'
    'SERVER_SIGNATURE' => ''
    'SERVER_SOFTWARE' => 'Apache'
    'SERVER_NAME' => 'wetop'
    'SERVER_ADDR' => '127.0.0.1'
    'SERVER_PORT' => '80'
    'REMOTE_ADDR' => '127.0.0.1'
    'DOCUMENT_ROOT' => 'D:/OpenServer/domains/wetop/web'
    'REQUEST_SCHEME' => 'http'
    'CONTEXT_PREFIX' => ''
    'CONTEXT_DOCUMENT_ROOT' => 'D:/OpenServer/domains/wetop/web'
    'SERVER_ADMIN' => '[no address given]'
    'SCRIPT_FILENAME' => 'D:/OpenServer/domains/wetop/web/index.php'
    'REMOTE_PORT' => '53003'
    'REDIRECT_URL' => '/index.html'
    'GATEWAY_INTERFACE' => 'CGI/1.1'
    'SERVER_PROTOCOL' => 'HTTP/1.1'
    'REQUEST_METHOD' => 'GET'
    'QUERY_STRING' => ''
    'REQUEST_URI' => '/index.html'
    'SCRIPT_NAME' => '/index.php'
    'PHP_SELF' => '/index.php'
    'REQUEST_TIME_FLOAT' => 1674233884.6207
    'REQUEST_TIME' => 1674233884
]
2023-01-20 19:58:07 [127.0.0.1][-][1a32o286k5gkus88hdmitclam8fd19j5][error][yii\web\HttpException:404] yii\web\NotFoundHttpException: Page not found. in D:\OpenServer\domains\wetop\vendor\yiisoft\yii2\web\Request.php:299
Stack trace:
#0 D:\OpenServer\domains\wetop\vendor\yiisoft\yii2\web\Application.php(82): yii\web\Request->resolve()
#1 D:\OpenServer\domains\wetop\vendor\yiisoft\yii2\base\Application.php(384): yii\web\Application->handleRequest()
#2 D:\OpenServer\domains\wetop\web\index.php(12): yii\base\Application->run()
#3 {main}
2023-01-20 19:58:07 [127.0.0.1][-][1a32o286k5gkus88hdmitclam8fd19j5][info][application] $_GET = []

$_POST = []

$_FILES = []

$_COOKIE = [
    'PHPSESSID' => '1a32o286k5gkus88hdmitclam8fd19j5'
    '_csrf' => '73f414f681cd399f55248c69231eef15c2468974cb8d4a1ee4ae69caf238430aa:2:{i:0;s:5:\"_csrf\";i:1;s:32:\"QE3A90z9nBCWdwvWRFfAHFBcOF0aHC9X\";}'
    'SL_G_WPT_TO' => 'ru'
    'SL_GWPT_Show_Hide_tmp' => 'undefined'
    'SL_wptGlobTipTmp' => 'undefined'
]

$_SESSION = [
    '__flash' => []
]

$_SERVER = [
    'REDIRECT_STATUS' => '200'
    'HTTP_HOST' => 'wetop'
    'HTTP_X_FORWARDED_PROTO' => 'http'
    'HTTP_X_REAL_IP' => '127.0.0.1'
    'HTTP_UPGRADE_INSECURE_REQUESTS' => '1'
    'HTTP_USER_AGENT' => 'Mozilla/5.0 (Windows NT 10.0; Win64; x64) AppleWebKit/537.36 (KHTML, like Gecko) Chrome/109.0.0.0 Safari/537.36'
    'HTTP_ACCEPT' => 'text/html,application/xhtml+xml,application/xml;q=0.9,image/avif,image/webp,image/apng,*/*;q=0.8,application/signed-exchange;v=b3;q=0.9'
    'HTTP_REFERER' => 'http://wetop/index.html'
    'HTTP_ACCEPT_ENCODING' => 'gzip, deflate'
    'HTTP_ACCEPT_LANGUAGE' => 'ru-RU,ru;q=0.9,en-US;q=0.8,en;q=0.7'
    'HTTP_COOKIE' => 'PHPSESSID=1a32o286k5gkus88hdmitclam8fd19j5; _csrf=73f414f681cd399f55248c69231eef15c2468974cb8d4a1ee4ae69caf238430aa%3A2%3A%7Bi%3A0%3Bs%3A5%3A%22_csrf%22%3Bi%3A1%3Bs%3A32%3A%22QE3A90z9nBCWdwvWRFfAHFBcOF0aHC9X%22%3B%7D; SL_G_WPT_TO=ru; SL_GWPT_Show_Hide_tmp=undefined; SL_wptGlobTipTmp=undefined'
    'PATH' => 'd:\\openserver\\modules\\php\\PHP_8.0\\ext;d:\\openserver\\modules\\php\\PHP_8.0\\pear;d:\\openserver\\modules\\php\\PHP_8.0\\pear\\bin;d:\\openserver\\modules\\php\\PHP_8.0;d:\\openserver\\modules\\wget\\bin;d:\\openserver\\modules\\database\\MySQL-5.7\\bin;d:\\openserver\\modules\\http\\Apache_2.4-PHP_8.0+Nginx_1.21\\bin;d:\\openserver\\modules\\http\\Apache_2.4-PHP_8.0+Nginx_1.21;C:\\Windows\\system32;C:\\Windows;C:\\Windows\\system32\\Wbem;C:\\Windows\\SysWOW64'
    'SystemRoot' => 'C:\\Windows'
    'COMSPEC' => 'C:\\Windows\\system32\\cmd.exe'
    'PATHEXT' => '.COM;.EXE;.BAT;.CMD;.VBS;.VBE;.JS;.JSE;.WSF;.WSH;.MSC'
    'WINDIR' => 'C:\\Windows'
    'SERVER_SIGNATURE' => ''
    'SERVER_SOFTWARE' => 'Apache'
    'SERVER_NAME' => 'wetop'
    'SERVER_ADDR' => '127.0.0.1'
    'SERVER_PORT' => '80'
    'REMOTE_ADDR' => '127.0.0.1'
    'DOCUMENT_ROOT' => 'D:/OpenServer/domains/wetop/web'
    'REQUEST_SCHEME' => 'http'
    'CONTEXT_PREFIX' => ''
    'CONTEXT_DOCUMENT_ROOT' => 'D:/OpenServer/domains/wetop/web'
    'SERVER_ADMIN' => '[no address given]'
    'SCRIPT_FILENAME' => 'D:/OpenServer/domains/wetop/web/index.php'
    'REMOTE_PORT' => '53005'
    'REDIRECT_URL' => '/index.html'
    'GATEWAY_INTERFACE' => 'CGI/1.1'
    'SERVER_PROTOCOL' => 'HTTP/1.1'
    'REQUEST_METHOD' => 'GET'
    'QUERY_STRING' => ''
    'REQUEST_URI' => '/index.html'
    'SCRIPT_NAME' => '/index.php'
    'PHP_SELF' => '/index.php'
    'REQUEST_TIME_FLOAT' => 1674233887.8043
    'REQUEST_TIME' => 1674233887
]
2023-01-20 19:58:08 [127.0.0.1][-][1a32o286k5gkus88hdmitclam8fd19j5][error][yii\web\HttpException:404] yii\web\NotFoundHttpException: Page not found. in D:\OpenServer\domains\wetop\vendor\yiisoft\yii2\web\Request.php:299
Stack trace:
#0 D:\OpenServer\domains\wetop\vendor\yiisoft\yii2\web\Application.php(82): yii\web\Request->resolve()
#1 D:\OpenServer\domains\wetop\vendor\yiisoft\yii2\base\Application.php(384): yii\web\Application->handleRequest()
#2 D:\OpenServer\domains\wetop\web\index.php(12): yii\base\Application->run()
#3 {main}
2023-01-20 19:58:08 [127.0.0.1][-][1a32o286k5gkus88hdmitclam8fd19j5][info][application] $_GET = []

$_POST = []

$_FILES = []

$_COOKIE = [
    'PHPSESSID' => '1a32o286k5gkus88hdmitclam8fd19j5'
    '_csrf' => '73f414f681cd399f55248c69231eef15c2468974cb8d4a1ee4ae69caf238430aa:2:{i:0;s:5:\"_csrf\";i:1;s:32:\"QE3A90z9nBCWdwvWRFfAHFBcOF0aHC9X\";}'
    'SL_G_WPT_TO' => 'ru'
    'SL_GWPT_Show_Hide_tmp' => 'undefined'
    'SL_wptGlobTipTmp' => 'undefined'
]

$_SESSION = [
    '__flash' => []
]

$_SERVER = [
    'REDIRECT_STATUS' => '200'
    'HTTP_HOST' => 'wetop'
    'HTTP_X_FORWARDED_PROTO' => 'http'
    'HTTP_X_REAL_IP' => '127.0.0.1'
    'HTTP_UPGRADE_INSECURE_REQUESTS' => '1'
    'HTTP_USER_AGENT' => 'Mozilla/5.0 (Windows NT 10.0; Win64; x64) AppleWebKit/537.36 (KHTML, like Gecko) Chrome/109.0.0.0 Safari/537.36'
    'HTTP_ACCEPT' => 'text/html,application/xhtml+xml,application/xml;q=0.9,image/avif,image/webp,image/apng,*/*;q=0.8,application/signed-exchange;v=b3;q=0.9'
    'HTTP_REFERER' => 'http://wetop/index.html'
    'HTTP_ACCEPT_ENCODING' => 'gzip, deflate'
    'HTTP_ACCEPT_LANGUAGE' => 'ru-RU,ru;q=0.9,en-US;q=0.8,en;q=0.7'
    'HTTP_COOKIE' => 'PHPSESSID=1a32o286k5gkus88hdmitclam8fd19j5; _csrf=73f414f681cd399f55248c69231eef15c2468974cb8d4a1ee4ae69caf238430aa%3A2%3A%7Bi%3A0%3Bs%3A5%3A%22_csrf%22%3Bi%3A1%3Bs%3A32%3A%22QE3A90z9nBCWdwvWRFfAHFBcOF0aHC9X%22%3B%7D; SL_G_WPT_TO=ru; SL_GWPT_Show_Hide_tmp=undefined; SL_wptGlobTipTmp=undefined'
    'PATH' => 'd:\\openserver\\modules\\php\\PHP_8.0\\ext;d:\\openserver\\modules\\php\\PHP_8.0\\pear;d:\\openserver\\modules\\php\\PHP_8.0\\pear\\bin;d:\\openserver\\modules\\php\\PHP_8.0;d:\\openserver\\modules\\wget\\bin;d:\\openserver\\modules\\database\\MySQL-5.7\\bin;d:\\openserver\\modules\\http\\Apache_2.4-PHP_8.0+Nginx_1.21\\bin;d:\\openserver\\modules\\http\\Apache_2.4-PHP_8.0+Nginx_1.21;C:\\Windows\\system32;C:\\Windows;C:\\Windows\\system32\\Wbem;C:\\Windows\\SysWOW64'
    'SystemRoot' => 'C:\\Windows'
    'COMSPEC' => 'C:\\Windows\\system32\\cmd.exe'
    'PATHEXT' => '.COM;.EXE;.BAT;.CMD;.VBS;.VBE;.JS;.JSE;.WSF;.WSH;.MSC'
    'WINDIR' => 'C:\\Windows'
    'SERVER_SIGNATURE' => ''
    'SERVER_SOFTWARE' => 'Apache'
    'SERVER_NAME' => 'wetop'
    'SERVER_ADDR' => '127.0.0.1'
    'SERVER_PORT' => '80'
    'REMOTE_ADDR' => '127.0.0.1'
    'DOCUMENT_ROOT' => 'D:/OpenServer/domains/wetop/web'
    'REQUEST_SCHEME' => 'http'
    'CONTEXT_PREFIX' => ''
    'CONTEXT_DOCUMENT_ROOT' => 'D:/OpenServer/domains/wetop/web'
    'SERVER_ADMIN' => '[no address given]'
    'SCRIPT_FILENAME' => 'D:/OpenServer/domains/wetop/web/index.php'
    'REMOTE_PORT' => '53007'
    'REDIRECT_URL' => '/index.html'
    'GATEWAY_INTERFACE' => 'CGI/1.1'
    'SERVER_PROTOCOL' => 'HTTP/1.1'
    'REQUEST_METHOD' => 'GET'
    'QUERY_STRING' => ''
    'REQUEST_URI' => '/index.html'
    'SCRIPT_NAME' => '/index.php'
    'PHP_SELF' => '/index.php'
    'REQUEST_TIME_FLOAT' => 1674233888.6462
    'REQUEST_TIME' => 1674233888
]
2023-01-20 19:58:09 [127.0.0.1][-][1a32o286k5gkus88hdmitclam8fd19j5][error][yii\web\HttpException:404] yii\web\NotFoundHttpException: Page not found. in D:\OpenServer\domains\wetop\vendor\yiisoft\yii2\web\Request.php:299
Stack trace:
#0 D:\OpenServer\domains\wetop\vendor\yiisoft\yii2\web\Application.php(82): yii\web\Request->resolve()
#1 D:\OpenServer\domains\wetop\vendor\yiisoft\yii2\base\Application.php(384): yii\web\Application->handleRequest()
#2 D:\OpenServer\domains\wetop\web\index.php(12): yii\base\Application->run()
#3 {main}
2023-01-20 19:58:09 [127.0.0.1][-][1a32o286k5gkus88hdmitclam8fd19j5][info][application] $_GET = []

$_POST = []

$_FILES = []

$_COOKIE = [
    'PHPSESSID' => '1a32o286k5gkus88hdmitclam8fd19j5'
    '_csrf' => '73f414f681cd399f55248c69231eef15c2468974cb8d4a1ee4ae69caf238430aa:2:{i:0;s:5:\"_csrf\";i:1;s:32:\"QE3A90z9nBCWdwvWRFfAHFBcOF0aHC9X\";}'
    'SL_G_WPT_TO' => 'ru'
    'SL_GWPT_Show_Hide_tmp' => 'undefined'
    'SL_wptGlobTipTmp' => 'undefined'
]

$_SESSION = [
    '__flash' => []
]

$_SERVER = [
    'REDIRECT_STATUS' => '200'
    'HTTP_HOST' => 'wetop'
    'HTTP_X_FORWARDED_PROTO' => 'http'
    'HTTP_X_REAL_IP' => '127.0.0.1'
    'HTTP_UPGRADE_INSECURE_REQUESTS' => '1'
    'HTTP_USER_AGENT' => 'Mozilla/5.0 (Windows NT 10.0; Win64; x64) AppleWebKit/537.36 (KHTML, like Gecko) Chrome/109.0.0.0 Safari/537.36'
    'HTTP_ACCEPT' => 'text/html,application/xhtml+xml,application/xml;q=0.9,image/avif,image/webp,image/apng,*/*;q=0.8,application/signed-exchange;v=b3;q=0.9'
    'HTTP_REFERER' => 'http://wetop/index.html'
    'HTTP_ACCEPT_ENCODING' => 'gzip, deflate'
    'HTTP_ACCEPT_LANGUAGE' => 'ru-RU,ru;q=0.9,en-US;q=0.8,en;q=0.7'
    'HTTP_COOKIE' => 'PHPSESSID=1a32o286k5gkus88hdmitclam8fd19j5; _csrf=73f414f681cd399f55248c69231eef15c2468974cb8d4a1ee4ae69caf238430aa%3A2%3A%7Bi%3A0%3Bs%3A5%3A%22_csrf%22%3Bi%3A1%3Bs%3A32%3A%22QE3A90z9nBCWdwvWRFfAHFBcOF0aHC9X%22%3B%7D; SL_G_WPT_TO=ru; SL_GWPT_Show_Hide_tmp=undefined; SL_wptGlobTipTmp=undefined'
    'PATH' => 'd:\\openserver\\modules\\php\\PHP_8.0\\ext;d:\\openserver\\modules\\php\\PHP_8.0\\pear;d:\\openserver\\modules\\php\\PHP_8.0\\pear\\bin;d:\\openserver\\modules\\php\\PHP_8.0;d:\\openserver\\modules\\wget\\bin;d:\\openserver\\modules\\database\\MySQL-5.7\\bin;d:\\openserver\\modules\\http\\Apache_2.4-PHP_8.0+Nginx_1.21\\bin;d:\\openserver\\modules\\http\\Apache_2.4-PHP_8.0+Nginx_1.21;C:\\Windows\\system32;C:\\Windows;C:\\Windows\\system32\\Wbem;C:\\Windows\\SysWOW64'
    'SystemRoot' => 'C:\\Windows'
    'COMSPEC' => 'C:\\Windows\\system32\\cmd.exe'
    'PATHEXT' => '.COM;.EXE;.BAT;.CMD;.VBS;.VBE;.JS;.JSE;.WSF;.WSH;.MSC'
    'WINDIR' => 'C:\\Windows'
    'SERVER_SIGNATURE' => ''
    'SERVER_SOFTWARE' => 'Apache'
    'SERVER_NAME' => 'wetop'
    'SERVER_ADDR' => '127.0.0.1'
    'SERVER_PORT' => '80'
    'REMOTE_ADDR' => '127.0.0.1'
    'DOCUMENT_ROOT' => 'D:/OpenServer/domains/wetop/web'
    'REQUEST_SCHEME' => 'http'
    'CONTEXT_PREFIX' => ''
    'CONTEXT_DOCUMENT_ROOT' => 'D:/OpenServer/domains/wetop/web'
    'SERVER_ADMIN' => '[no address given]'
    'SCRIPT_FILENAME' => 'D:/OpenServer/domains/wetop/web/index.php'
    'REMOTE_PORT' => '53009'
    'REDIRECT_URL' => '/index.html'
    'GATEWAY_INTERFACE' => 'CGI/1.1'
    'SERVER_PROTOCOL' => 'HTTP/1.1'
    'REQUEST_METHOD' => 'GET'
    'QUERY_STRING' => ''
    'REQUEST_URI' => '/index.html'
    'SCRIPT_NAME' => '/index.php'
    'PHP_SELF' => '/index.php'
    'REQUEST_TIME_FLOAT' => 1674233889.3064
    'REQUEST_TIME' => 1674233889
]
2023-01-20 19:59:11 [127.0.0.1][-][1a32o286k5gkus88hdmitclam8fd19j5][error][yii\web\HttpException:404] yii\web\NotFoundHttpException: Page not found. in D:\OpenServer\domains\wetop\vendor\yiisoft\yii2\web\Request.php:299
Stack trace:
#0 D:\OpenServer\domains\wetop\vendor\yiisoft\yii2\web\Application.php(82): yii\web\Request->resolve()
#1 D:\OpenServer\domains\wetop\vendor\yiisoft\yii2\base\Application.php(384): yii\web\Application->handleRequest()
#2 D:\OpenServer\domains\wetop\web\index.php(12): yii\base\Application->run()
#3 {main}
2023-01-20 19:59:10 [127.0.0.1][-][1a32o286k5gkus88hdmitclam8fd19j5][info][application] $_GET = []

$_POST = []

$_FILES = []

$_COOKIE = [
    'PHPSESSID' => '1a32o286k5gkus88hdmitclam8fd19j5'
    '_csrf' => '73f414f681cd399f55248c69231eef15c2468974cb8d4a1ee4ae69caf238430aa:2:{i:0;s:5:\"_csrf\";i:1;s:32:\"QE3A90z9nBCWdwvWRFfAHFBcOF0aHC9X\";}'
    'SL_G_WPT_TO' => 'ru'
    'SL_GWPT_Show_Hide_tmp' => 'undefined'
    'SL_wptGlobTipTmp' => 'undefined'
]

$_SESSION = [
    '__flash' => []
]

$_SERVER = [
    'REDIRECT_STATUS' => '200'
    'HTTP_HOST' => 'wetop'
    'HTTP_X_FORWARDED_PROTO' => 'http'
    'HTTP_X_REAL_IP' => '127.0.0.1'
    'HTTP_CACHE_CONTROL' => 'max-age=0'
    'HTTP_UPGRADE_INSECURE_REQUESTS' => '1'
    'HTTP_USER_AGENT' => 'Mozilla/5.0 (Windows NT 10.0; Win64; x64) AppleWebKit/537.36 (KHTML, like Gecko) Chrome/109.0.0.0 Safari/537.36'
    'HTTP_ACCEPT' => 'text/html,application/xhtml+xml,application/xml;q=0.9,image/avif,image/webp,image/apng,*/*;q=0.8,application/signed-exchange;v=b3;q=0.9'
    'HTTP_REFERER' => 'http://wetop/index.html'
    'HTTP_ACCEPT_ENCODING' => 'gzip, deflate'
    'HTTP_ACCEPT_LANGUAGE' => 'ru-RU,ru;q=0.9,en-US;q=0.8,en;q=0.7'
    'HTTP_COOKIE' => 'PHPSESSID=1a32o286k5gkus88hdmitclam8fd19j5; _csrf=73f414f681cd399f55248c69231eef15c2468974cb8d4a1ee4ae69caf238430aa%3A2%3A%7Bi%3A0%3Bs%3A5%3A%22_csrf%22%3Bi%3A1%3Bs%3A32%3A%22QE3A90z9nBCWdwvWRFfAHFBcOF0aHC9X%22%3B%7D; SL_G_WPT_TO=ru; SL_GWPT_Show_Hide_tmp=undefined; SL_wptGlobTipTmp=undefined'
    'PATH' => 'd:\\openserver\\modules\\php\\PHP_8.0\\ext;d:\\openserver\\modules\\php\\PHP_8.0\\pear;d:\\openserver\\modules\\php\\PHP_8.0\\pear\\bin;d:\\openserver\\modules\\php\\PHP_8.0;d:\\openserver\\modules\\wget\\bin;d:\\openserver\\modules\\database\\MySQL-5.7\\bin;d:\\openserver\\modules\\http\\Apache_2.4-PHP_8.0+Nginx_1.21\\bin;d:\\openserver\\modules\\http\\Apache_2.4-PHP_8.0+Nginx_1.21;C:\\Windows\\system32;C:\\Windows;C:\\Windows\\system32\\Wbem;C:\\Windows\\SysWOW64'
    'SystemRoot' => 'C:\\Windows'
    'COMSPEC' => 'C:\\Windows\\system32\\cmd.exe'
    'PATHEXT' => '.COM;.EXE;.BAT;.CMD;.VBS;.VBE;.JS;.JSE;.WSF;.WSH;.MSC'
    'WINDIR' => 'C:\\Windows'
    'SERVER_SIGNATURE' => ''
    'SERVER_SOFTWARE' => 'Apache'
    'SERVER_NAME' => 'wetop'
    'SERVER_ADDR' => '127.0.0.1'
    'SERVER_PORT' => '80'
    'REMOTE_ADDR' => '127.0.0.1'
    'DOCUMENT_ROOT' => 'D:/OpenServer/domains/wetop/web'
    'REQUEST_SCHEME' => 'http'
    'CONTEXT_PREFIX' => ''
    'CONTEXT_DOCUMENT_ROOT' => 'D:/OpenServer/domains/wetop/web'
    'SERVER_ADMIN' => '[no address given]'
    'SCRIPT_FILENAME' => 'D:/OpenServer/domains/wetop/web/index.php'
    'REMOTE_PORT' => '53016'
    'REDIRECT_URL' => '/index.html'
    'GATEWAY_INTERFACE' => 'CGI/1.1'
    'SERVER_PROTOCOL' => 'HTTP/1.1'
    'REQUEST_METHOD' => 'GET'
    'QUERY_STRING' => ''
    'REQUEST_URI' => '/index.html'
    'SCRIPT_NAME' => '/index.php'
    'PHP_SELF' => '/index.php'
    'REQUEST_TIME_FLOAT' => 1674233950.8508
    'REQUEST_TIME' => 1674233950
]
2023-01-20 19:59:12 [127.0.0.1][-][1a32o286k5gkus88hdmitclam8fd19j5][error][yii\web\HttpException:404] yii\web\NotFoundHttpException: Page not found. in D:\OpenServer\domains\wetop\vendor\yiisoft\yii2\web\Request.php:299
Stack trace:
#0 D:\OpenServer\domains\wetop\vendor\yiisoft\yii2\web\Application.php(82): yii\web\Request->resolve()
#1 D:\OpenServer\domains\wetop\vendor\yiisoft\yii2\base\Application.php(384): yii\web\Application->handleRequest()
#2 D:\OpenServer\domains\wetop\web\index.php(12): yii\base\Application->run()
#3 {main}
2023-01-20 19:59:12 [127.0.0.1][-][1a32o286k5gkus88hdmitclam8fd19j5][info][application] $_GET = []

$_POST = []

$_FILES = []

$_COOKIE = [
    'PHPSESSID' => '1a32o286k5gkus88hdmitclam8fd19j5'
    '_csrf' => '73f414f681cd399f55248c69231eef15c2468974cb8d4a1ee4ae69caf238430aa:2:{i:0;s:5:\"_csrf\";i:1;s:32:\"QE3A90z9nBCWdwvWRFfAHFBcOF0aHC9X\";}'
    'SL_G_WPT_TO' => 'ru'
    'SL_GWPT_Show_Hide_tmp' => 'undefined'
    'SL_wptGlobTipTmp' => 'undefined'
]

$_SESSION = [
    '__flash' => []
]

$_SERVER = [
    'REDIRECT_STATUS' => '200'
    'HTTP_HOST' => 'wetop'
    'HTTP_X_FORWARDED_PROTO' => 'http'
    'HTTP_X_REAL_IP' => '127.0.0.1'
    'HTTP_CACHE_CONTROL' => 'max-age=0'
    'HTTP_UPGRADE_INSECURE_REQUESTS' => '1'
    'HTTP_USER_AGENT' => 'Mozilla/5.0 (Windows NT 10.0; Win64; x64) AppleWebKit/537.36 (KHTML, like Gecko) Chrome/109.0.0.0 Safari/537.36'
    'HTTP_ACCEPT' => 'text/html,application/xhtml+xml,application/xml;q=0.9,image/avif,image/webp,image/apng,*/*;q=0.8,application/signed-exchange;v=b3;q=0.9'
    'HTTP_REFERER' => 'http://wetop/index.html'
    'HTTP_ACCEPT_ENCODING' => 'gzip, deflate'
    'HTTP_ACCEPT_LANGUAGE' => 'ru-RU,ru;q=0.9,en-US;q=0.8,en;q=0.7'
    'HTTP_COOKIE' => 'PHPSESSID=1a32o286k5gkus88hdmitclam8fd19j5; _csrf=73f414f681cd399f55248c69231eef15c2468974cb8d4a1ee4ae69caf238430aa%3A2%3A%7Bi%3A0%3Bs%3A5%3A%22_csrf%22%3Bi%3A1%3Bs%3A32%3A%22QE3A90z9nBCWdwvWRFfAHFBcOF0aHC9X%22%3B%7D; SL_G_WPT_TO=ru; SL_GWPT_Show_Hide_tmp=undefined; SL_wptGlobTipTmp=undefined'
    'PATH' => 'd:\\openserver\\modules\\php\\PHP_8.0\\ext;d:\\openserver\\modules\\php\\PHP_8.0\\pear;d:\\openserver\\modules\\php\\PHP_8.0\\pear\\bin;d:\\openserver\\modules\\php\\PHP_8.0;d:\\openserver\\modules\\wget\\bin;d:\\openserver\\modules\\database\\MySQL-5.7\\bin;d:\\openserver\\modules\\http\\Apache_2.4-PHP_8.0+Nginx_1.21\\bin;d:\\openserver\\modules\\http\\Apache_2.4-PHP_8.0+Nginx_1.21;C:\\Windows\\system32;C:\\Windows;C:\\Windows\\system32\\Wbem;C:\\Windows\\SysWOW64'
    'SystemRoot' => 'C:\\Windows'
    'COMSPEC' => 'C:\\Windows\\system32\\cmd.exe'
    'PATHEXT' => '.COM;.EXE;.BAT;.CMD;.VBS;.VBE;.JS;.JSE;.WSF;.WSH;.MSC'
    'WINDIR' => 'C:\\Windows'
    'SERVER_SIGNATURE' => ''
    'SERVER_SOFTWARE' => 'Apache'
    'SERVER_NAME' => 'wetop'
    'SERVER_ADDR' => '127.0.0.1'
    'SERVER_PORT' => '80'
    'REMOTE_ADDR' => '127.0.0.1'
    'DOCUMENT_ROOT' => 'D:/OpenServer/domains/wetop/web'
    'REQUEST_SCHEME' => 'http'
    'CONTEXT_PREFIX' => ''
    'CONTEXT_DOCUMENT_ROOT' => 'D:/OpenServer/domains/wetop/web'
    'SERVER_ADMIN' => '[no address given]'
    'SCRIPT_FILENAME' => 'D:/OpenServer/domains/wetop/web/index.php'
    'REMOTE_PORT' => '53019'
    'REDIRECT_URL' => '/index.html'
    'GATEWAY_INTERFACE' => 'CGI/1.1'
    'SERVER_PROTOCOL' => 'HTTP/1.1'
    'REQUEST_METHOD' => 'GET'
    'QUERY_STRING' => ''
    'REQUEST_URI' => '/index.html'
    'SCRIPT_NAME' => '/index.php'
    'PHP_SELF' => '/index.php'
    'REQUEST_TIME_FLOAT' => 1674233952.7413
    'REQUEST_TIME' => 1674233952
]
